 ,;;:;,
   ;;;;;
  ,:;;:;    ,'=.  -- stay away from my nuts... bitch
  ;:;:;' .=" ,'_\
  ':;:;,/  ,__:=@
   ';;:;  =./)_
     `"=\_  )_"`
          ``'"`
EVENT - GET( 200 ) - 2024-05-20 15:22:05 - /api/v1/squirlchain/fetchsquirls 
EVENT - POST( 201 ) - 2024-05-20 15:30:37 - /api/v1/squirlchain/nuttradings/nuttrading 
EVENT - GET( 200 ) - 2024-05-20 15:35:35 - /api/v1/squirlchain/fetchsquirls 
EVENT - POST( 201 ) - 2024-05-20 15:35:40 - /api/v1/squirlchain/nuttradings/nuttrading 
EVENT - GET( 200 ) - 2024-05-20 15:35:47 - /api/v1/squirlchain/fetchsquirls 
EVENT - GET( 200 ) - 2024-05-20 15:36:51 - /api/v1/squirlchain/fetchsquirls 
EVENT - POST( 201 ) - 2024-05-20 15:37:20 - /api/v1/squirlchain/nuttradings/nuttrading 
EVENT - GET( 200 ) - 2024-05-20 15:37:30 - /api/v1/squirlchain/fetchsquirls 
EVENT - GET( 200 ) - 2024-05-20 15:37:46 - /api/v1/squirlchain/fetchsquirls 
EVENT - POST( 201 ) - 2024-05-20 15:38:09 - /api/v1/squirlchain/nuttradings/nuttrading 
EVENT - GET( 200 ) - 2024-05-20 15:38:18 - /api/v1/squirlchain/fetchsquirls 
EVENT - GET( 200 ) - 2024-05-20 15:39:02 - /api/v1/squirlchain/fetchsquirls 
EVENT - GET( 200 ) - 2024-05-20 15:39:04 - /api/v1/squirlchain/fetchsquirls 
EVENT - GET( 200 ) - 2024-05-20 15:39:05 - /api/v1/squirlchain/fetchsquirls 
EVENT - GET( 200 ) - 2024-05-20 15:39:08 - /api/v1/squirlchain/fetchsquirls 
EVENT - GET( 200 ) - 2024-05-20 15:39:29 - /api/v1/squirlchain/fetchsquirls 
EVENT - GET( 200 ) - 2024-05-20 15:39:36 - /api/v1/squirlchain/fetchsquirls 
EVENT - GET( 200 ) - 2024-05-20 15:39:43 - /api/v1/squirlchain/fetchsquirls 
EVENT - GET( 200 ) - 2024-05-20 15:39:49 - /api/v1/squirlchain/fetchsquirls 
EVENT - GET( 200 ) - 2024-05-20 15:40:27 - /api/v1/squirlchain/fetchsquirls 
EVENT - GET( 200 ) - 2024-05-20 15:42:04 - /api/v1/squirlchain/fetchsquirls 
EVENT - GET( 200 ) - 2024-05-20 15:42:27 - /api/v1/squirlchain/fetchsquirls 
EVENT - POST( 201 ) - 2024-05-20 15:42:48 - /api/v1/squirlchain/nuttradings/nuttrading 
EVENT - GET( 200 ) - 2024-05-20 15:42:56 - /api/v1/squirlchain/fetchsquirls 
EVENT - GET( 200 ) - 2024-05-20 15:43:21 - /api/v1/squirlchain/fetchsquirls 
EVENT - GET( 200 ) - 2024-05-20 15:43:34 - /api/v1/squirlchain/fetchsquirls 
EVENT - GET( 200 ) - 2024-05-20 15:43:36 - /api/v1/squirlchain/fetchsquirls 
EVENT - GET( 200 ) - 2024-05-20 15:43:56 - /api/v1/squirlchain/fetchsquirls 
EVENT - GET( 200 ) - 2024-05-20 15:44:02 - /api/v1/squirlchain/fetchsquirls 
EVENT - POST( 201 ) - 2024-05-20 15:44:20 - /api/v1/squirlchain/nuttradings/nuttrading 
EVENT - GET( 200 ) - 2024-05-20 15:44:25 - /api/v1/squirlchain/fetchsquirls 
EVENT - GET( 200 ) - 2024-05-20 15:44:40 - /api/v1/squirlchain/fetchsquirls 
EVENT - GET( 200 ) - 2024-05-20 15:46:03 - /api/v1/squirlchain/fetchsquirls 
EVENT - GET( 200 ) - 2024-05-20 15:46:04 - /api/v1/squirlchain/fetchsquirls 
EVENT - GET( 200 ) - 2024-05-20 15:46:10 - /api/v1/squirlchain/fetchsquirls 
EVENT - GET( 200 ) - 2024-05-20 15:46:31 - /api/v1/squirlchain/fetchsquirls 
EVENT - GET( 200 ) - 2024-05-20 15:46:37 - /api/v1/squirlchain/fetchsquirls 
EVENT - GET( 200 ) - 2024-05-20 15:46:39 - /api/v1/squirlchain/fetchsquirls 
EVENT - GET( 200 ) - 2024-05-20 15:46:53 - /api/v1/squirlchain/fetchsquirls 
EVENT - GET( 200 ) - 2024-05-20 15:47:16 - /api/v1/squirlchain/fetchsquirls 
EVENT - GET( 200 ) - 2024-05-20 15:47:19 - /api/v1/squirlchain/fetchsquirls 
EVENT - GET( 200 ) - 2024-05-20 15:47:21 - /api/v1/squirlchain/fetchsquirls 
EVENT - GET( 200 ) - 2024-05-20 15:47:48 - /api/v1/squirlchain/fetchsquirls 
EVENT - GET( 200 ) - 2024-05-20 15:48:02 - /api/v1/squirlchain/fetchsquirls 
EVENT - GET( 200 ) - 2024-05-20 15:48:08 - /api/v1/squirlchain/fetchsquirls 
EVENT - POST( 201 ) - 2024-05-20 15:48:12 - /api/v1/squirlchain/nuttradings/nuttrading 
EVENT - GET( 200 ) - 2024-05-20 15:48:17 - /api/v1/squirlchain/fetchsquirls 
EVENT - GET( 200 ) - 2024-05-20 15:48:23 - /api/v1/squirlchain/fetchsquirls 
EVENT - GET( 200 ) - 2024-05-20 15:49:25 - /api/v1/squirlchain/fetchsquirls 
EVENT - GET( 200 ) - 2024-05-20 15:49:34 - /api/v1/squirlchain/fetchsquirls 
EVENT - GET( 200 ) - 2024-05-20 15:49:41 - /api/v1/squirlchain/fetchsquirls 
EVENT - GET( 200 ) - 2024-05-20 15:50:00 - /api/v1/squirlchain/fetchsquirls 
EVENT - GET( 200 ) - 2024-05-20 15:50:07 - /api/v1/squirlchain/fetchsquirls 
EVENT - GET( 200 ) - 2024-05-20 15:50:09 - /api/v1/squirlchain/fetchsquirls 
EVENT - GET( 200 ) - 2024-05-20 15:50:15 - /api/v1/squirlchain/fetchsquirls 
EVENT - GET( 200 ) - 2024-05-20 15:50:17 - /api/v1/squirlchain/fetchsquirls 
EVENT - GET( 200 ) - 2024-05-20 15:50:33 - /api/v1/squirlchain/fetchsquirls 
EVENT - GET( 200 ) - 2024-05-20 15:50:37 - /api/v1/squirlchain/fetchsquirls 
EVENT - GET( 200 ) - 2024-05-20 15:50:54 - /api/v1/squirlchain/fetchsquirls 
EVENT - GET( 200 ) - 2024-05-20 15:50:59 - /api/v1/squirlchain/fetchsquirls 
EVENT - GET( 200 ) - 2024-05-20 15:51:28 - /api/v1/squirlchain/fetchsquirls 
EVENT - GET( 200 ) - 2024-05-20 15:51:41 - /api/v1/squirlchain/fetchsquirls 
EVENT - GET( 200 ) - 2024-05-20 15:51:43 - /api/v1/squirlchain/fetchsquirls 
EVENT - POST( 201 ) - 2024-05-20 15:51:46 - /api/v1/squirlchain/nuttradings/nuttrading 
EVENT - GET( 200 ) - 2024-05-20 15:51:53 - /api/v1/squirlchain/fetchsquirls 
EVENT - GET( 200 ) - 2024-05-20 15:52:10 - /api/v1/squirlchain/fetchsquirls 
EVENT - POST( 201 ) - 2024-05-20 15:52:25 - /api/v1/squirlchain/nuttradings/nuttrading 
EVENT - GET( 200 ) - 2024-05-20 15:52:27 - /api/v1/squirlchain/fetchsquirls 
EVENT - GET( 200 ) - 2024-05-20 15:55:00 - /api/v1/squirlchain/fetchsquirls 
EVENT - GET( 200 ) - 2024-05-20 15:55:04 - /api/v1/squirlchain/fetchsquirls 
EVENT - GET( 200 ) - 2024-05-20 15:55:14 - /api/v1/squirlchain/fetchsquirls 
EVENT - GET( 200 ) - 2024-05-20 15:55:18 - /api/v1/squirlchain/fetchsquirls 
EVENT - GET( 200 ) - 2024-05-20 15:55:34 - /api/v1/squirlchain/fetchsquirls 
EVENT - GET( 200 ) - 2024-05-20 15:55:38 - /api/v1/squirlchain/fetchsquirls 
EVENT - GET( 200 ) - 2024-05-20 15:55:56 - /api/v1/squirlchain/fetchsquirls 
EVENT - POST( 201 ) - 2024-05-20 15:56:06 - /api/v1/squirlchain/nuttradings/nuttrading 
EVENT - GET( 200 ) - 2024-05-20 15:56:24 - /api/v1/squirlchain/fetchsquirls 
EVENT - POST( 201 ) - 2024-05-20 15:56:35 - /api/v1/squirlchain/nuttradings/nuttrading 
EVENT - GET( 200 ) - 2024-05-20 15:56:41 - /api/v1/squirlchain/fetchsquirls 
EVENT - GET( 200 ) - 2024-05-20 15:56:48 - /api/v1/squirlchain/fetchsquirls 
EVENT - GET( 200 ) - 2024-05-20 15:58:04 - /api/v1/squirlchain/fetchsquirls 
EVENT - POST( 201 ) - 2024-05-20 15:58:25 - /api/v1/squirlchain/nuttradings/nuttrading 
EVENT - GET( 200 ) - 2024-05-20 16:00:09 - /api/v1/squirlchain/fetchsquirls 
EVENT - GET( 200 ) - 2024-05-20 16:00:12 - /api/v1/squirlchain/fetchsquirls 
EVENT - GET( 200 ) - 2024-05-20 16:01:16 - /api/v1/squirlchain/fetchsquirls 
EVENT - GET( 200 ) - 2024-05-20 16:01:23 - /api/v1/squirlchain/fetchsquirls 
EVENT - GET( 200 ) - 2024-05-20 16:01:34 - /api/v1/squirlchain/fetchsquirls 
EVENT - POST( 201 ) - 2024-05-20 16:01:38 - /api/v1/squirlchain/nuttradings/nuttrading 
EVENT - GET( 200 ) - 2024-05-20 16:02:04 - /api/v1/squirlchain/fetchsquirls 
EVENT - POST( 201 ) - 2024-05-20 16:02:23 - /api/v1/squirlchain/nuttradings/nuttrading 
EVENT - GET( 200 ) - 2024-05-20 16:02:28 - /api/v1/squirlchain/fetchsquirls 
EVENT - GET( 200 ) - 2024-05-20 16:02:33 - /api/v1/squirlchain/fetchsquirls 
EVENT - GET( 200 ) - 2024-05-20 16:02:49 - /api/v1/squirlchain/fetchsquirls 
EVENT - GET( 200 ) - 2024-05-20 16:03:05 - /api/v1/squirlchain/fetchsquirls 
EVENT - GET( 200 ) - 2024-05-20 16:03:07 - /api/v1/squirlchain/fetchsquirls 
EVENT - GET( 200 ) - 2024-05-20 16:06:10 - /api/v1/squirlchain/fetchsquirls 
EVENT - GET( 200 ) - 2024-05-20 16:06:13 - /api/v1/squirlchain/fetchsquirls 
EVENT - GET( 200 ) - 2024-05-20 16:06:27 - /api/v1/squirlchain/fetchsquirls 
EVENT - GET( 200 ) - 2024-05-20 16:06:32 - /api/v1/squirlchain/fetchsquirls 
EVENT - GET( 200 ) - 2024-05-20 16:06:33 - /api/v1/squirlchain/fetchsquirls 
EVENT - POST( 201 ) - 2024-05-20 16:06:40 - /api/v1/squirlchain/nuttradings/nuttrading 
EVENT - POST( 201 ) - 2024-05-20 16:06:43 - /api/v1/squirlchain/nuttradings/nuttrading 
EVENT - POST( 201 ) - 2024-05-20 16:06:44 - /api/v1/squirlchain/nuttradings/nuttrading 
EVENT - GET( 200 ) - 2024-05-20 16:06:53 - /api/v1/squirlchain/fetchsquirls 
EVENT - GET( 200 ) - 2024-05-20 16:07:16 - /api/v1/squirlchain/fetchsquirls 
EVENT - POST( 201 ) - 2024-05-20 16:07:55 - /api/v1/squirlchain/nuttradings/nuttrading 
EVENT - POST( 201 ) - 2024-05-20 16:07:56 - /api/v1/squirlchain/nuttradings/nuttrading 
EVENT - POST( 201 ) - 2024-05-20 16:07:59 - /api/v1/squirlchain/nuttradings/nuttrading 
EVENT - GET( 200 ) - 2024-05-20 16:08:12 - /api/v1/squirlchain/fetchsquirls 
EVENT - GET( 200 ) - 2024-05-20 16:08:51 - /api/v1/squirlchain/fetchsquirls 
EVENT - GET( 200 ) - 2024-05-20 16:09:10 - /api/v1/squirlchain/fetchsquirls 
EVENT - GET( 200 ) - 2024-05-20 16:09:28 - /api/v1/squirlchain/fetchsquirls 
EVENT - GET( 200 ) - 2024-05-20 16:09:43 - /api/v1/squirlchain/fetchsquirls 
EVENT - GET( 200 ) - 2024-05-20 16:10:02 - /api/v1/squirlchain/fetchsquirls 
EVENT - GET( 200 ) - 2024-05-20 16:10:15 - /api/v1/squirlchain/fetchsquirls 
EVENT - GET( 200 ) - 2024-05-20 16:11:40 - /api/v1/squirlchain/fetchsquirls 
EVENT - GET( 200 ) - 2024-05-20 16:11:45 - /api/v1/squirlchain/fetchsquirls 
EVENT - GET( 200 ) - 2024-05-20 16:11:47 - /api/v1/squirlchain/fetchsquirls 
EVENT - GET( 200 ) - 2024-05-20 16:12:10 - /api/v1/squirlchain/fetchsquirls 
EVENT - GET( 200 ) - 2024-05-20 16:12:12 - /api/v1/squirlchain/fetchsquirls 
EVENT - GET( 200 ) - 2024-05-20 16:12:16 - /api/v1/squirlchain/fetchsquirls 
EVENT - POST( 201 ) - 2024-05-20 16:12:20 - /api/v1/squirlchain/nuttradings/nuttrading 
EVENT - POST( 201 ) - 2024-05-20 16:12:22 - /api/v1/squirlchain/nuttradings/nuttrading 
EVENT - POST( 201 ) - 2024-05-20 16:12:23 - /api/v1/squirlchain/nuttradings/nuttrading 
EVENT - POST( 201 ) - 2024-05-20 16:12:25 - /api/v1/squirlchain/nuttradings/nuttrading 
EVENT - POST( 201 ) - 2024-05-20 16:12:26 - /api/v1/squirlchain/nuttradings/nuttrading 
EVENT - POST( 201 ) - 2024-05-20 16:12:27 - /api/v1/squirlchain/nuttradings/nuttrading 
