
 ,;;:;,
   ;;;;;
  ,:;;:;    ,'=.  -- stay away from my nuts... bitch
  ;:;:;' .=" ,'_\
  ':;:;,/  ,__:=@
   ';;:;  =./)_
     `"=\_  )_"`
          ``'"`
EVENT - GET( 200 ) - 2024-05-18 08:04:18 - /api/v1/squirlchain/fetchsquirls 
ERROR - GET( 500 ) - 2024-05-18 08:04:31 - /api/v1/squirlchain/fetchsquirlsWRONGNUTZ  - No ( GET 200 ) nuts for you...
EVENT - GET( 200 ) - 2024-05-18 14:05:11 - /api/v1/squirlchain/fetchsquirls 
EVENT - POST( 201 ) - 2024-05-18 14:05:43 - /api/v1/squirlchain/block/breed 
EVENT - POST( 201 ) - 2024-05-18 14:05:54 - /api/v1/squirlchain/block/breed 
EVENT - POST( 201 ) - 2024-05-18 14:06:04 - /api/v1/squirlchain/block/breed 
ERROR - POST( 500 ) - 2024-05-18 14:06:05 - /api/v1/squirlchain/block/breed 
EVENT - GET( 200 ) - 2024-05-18 14:06:22 - /api/v1/squirlchain/fetchsquirls 
EVENT - GET( 200 ) - 2024-05-18 14:11:00 - /api/v1/squirlchain/fetchsquirls 
EVENT - POST( 201 ) - 2024-05-18 14:11:04 - /api/v1/squirlchain/block/breed 
EVENT - POST( 201 ) - 2024-05-18 14:12:34 - /api/v1/squirlchain/block/breed 
EVENT - POST( 201 ) - 2024-05-18 14:15:52 - /api/v1/squirlchain/block/breed 
EVENT - POST( 201 ) - 2024-05-18 14:16:03 - /api/v1/squirlchain/block/breed 
EVENT - POST( 201 ) - 2024-05-18 14:16:09 - /api/v1/squirlchain/block/breed 
EVENT - POST( 201 ) - 2024-05-18 14:16:10 - /api/v1/squirlchain/block/breed 
EVENT - POST( 201 ) - 2024-05-18 14:16:15 - /api/v1/squirlchain/block/breed 
EVENT - POST( 201 ) - 2024-05-18 14:16:15 - /api/v1/squirlchain/block/breed 
EVENT - POST( 201 ) - 2024-05-18 14:16:16 - /api/v1/squirlchain/block/breed 
EVENT - POST( 201 ) - 2024-05-18 14:16:17 - /api/v1/squirlchain/block/breed 
EVENT - POST( 201 ) - 2024-05-18 14:16:17 - /api/v1/squirlchain/block/breed 
EVENT - POST( 201 ) - 2024-05-18 14:16:18 - /api/v1/squirlchain/block/breed 
EVENT - POST( 201 ) - 2024-05-18 14:16:19 - /api/v1/squirlchain/block/breed 
EVENT - POST( 201 ) - 2024-05-18 14:16:19 - /api/v1/squirlchain/block/breed 
EVENT - POST( 201 ) - 2024-05-18 14:16:20 - /api/v1/squirlchain/block/breed 
EVENT - POST( 201 ) - 2024-05-18 14:16:22 - /api/v1/squirlchain/block/breed 
EVENT - POST( 201 ) - 2024-05-18 14:16:23 - /api/v1/squirlchain/block/breed 
EVENT - POST( 201 ) - 2024-05-18 14:16:25 - /api/v1/squirlchain/block/breed 
EVENT - POST( 201 ) - 2024-05-18 14:16:27 - /api/v1/squirlchain/block/breed 
EVENT - POST( 201 ) - 2024-05-18 14:16:28 - /api/v1/squirlchain/block/breed 
EVENT - POST( 201 ) - 2024-05-18 14:16:39 - /api/v1/squirlchain/block/breed 
EVENT - POST( 201 ) - 2024-05-18 14:16:44 - /api/v1/squirlchain/block/breed 
EVENT - POST( 201 ) - 2024-05-18 14:20:16 - /api/v1/squirlchain/nuttradings/nuttrading 
EVENT - POST( 201 ) - 2024-05-18 14:20:25 - /api/v1/squirlchain/nuttradings/nuttrading 
EVENT - POST( 201 ) - 2024-05-18 14:20:25 - /api/v1/squirlchain/nuttradings/nuttrading 
EVENT - GET( 200 ) - 2024-05-18 14:20:28 - /api/v1/squirlchain/fetchsquirls 
EVENT - POST( 201 ) - 2024-05-18 14:20:42 - /api/v1/squirlchain/block/breed 
EVENT - GET( 200 ) - 2024-05-18 14:22:35 - /api/v1/squirlchain/fetchsquirls 
EVENT - GET( 200 ) - 2024-05-18 14:23:16 - /api/v1/squirlchain/fetchsquirls 
EVENT - POST( 201 ) - 2024-05-18 14:23:29 - /api/v1/squirlchain/nuttradings/nuttrading 
EVENT - POST( 201 ) - 2024-05-18 14:23:30 - /api/v1/squirlchain/nuttradings/nuttrading 
EVENT - GET( 200 ) - 2024-05-18 14:23:32 - /api/v1/squirlchain/fetchsquirls 
EVENT - POST( 201 ) - 2024-05-18 14:23:39 - /api/v1/squirlchain/block/breed 
EVENT - GET( 200 ) - 2024-05-18 14:23:43 - /api/v1/squirlchain/fetchsquirls 
EVENT - GET( 200 ) - 2024-05-18 14:26:47 - /api/v1/squirlchain/fetchsquirls 
EVENT - POST( 201 ) - 2024-05-18 14:26:51 - /api/v1/squirlchain/nuttradings/nuttrading 
EVENT - POST( 201 ) - 2024-05-18 14:26:52 - /api/v1/squirlchain/nuttradings/nuttrading 
EVENT - POST( 201 ) - 2024-05-18 14:26:52 - /api/v1/squirlchain/nuttradings/nuttrading 
EVENT - GET( 200 ) - 2024-05-18 14:26:57 - /api/v1/squirlchain/fetchsquirls 
EVENT - POST( 201 ) - 2024-05-18 14:27:02 - /api/v1/squirlchain/block/breed 
EVENT - GET( 200 ) - 2024-05-18 14:27:06 - /api/v1/squirlchain/fetchsquirls 
EVENT - GET( 200 ) - 2024-05-18 14:34:26 - /api/v1/squirlchain/fetchsquirls 
ERROR - POST( 500 ) - 2024-05-18 14:34:30 - /api/v1/squirlchain/nuttradings/nuttrading 
EVENT - POST( 201 ) - 2024-05-18 14:34:58 - /api/v1/squirlchain/nuttradings/nuttrading 
EVENT - POST( 201 ) - 2024-05-18 14:35:57 - /api/v1/squirlchain/nuttradings/nuttrading 
EVENT - POST( 201 ) - 2024-05-18 14:48:30 - /api/v1/squirlchain/block/breed 
EVENT - POST( 201 ) - 2024-05-18 14:48:31 - /api/v1/squirlchain/block/breed 
ERROR - GET( 500 ) - 2024-05-18 14:48:42 - /api/v1/squirlchain/fetchsquirls/1  - No ( GET 200 ) nuts for you...
EVENT - POST( 201 ) - 2024-05-18 14:49:32 - /api/v1/squirlchain/block/breed 
EVENT - POST( 201 ) - 2024-05-18 14:49:32 - /api/v1/squirlchain/block/breed 
ERROR - GET( 500 ) - 2024-05-18 14:49:35 - /api/v1/squirlchain/fetchsquirls/1  - No ( GET 200 ) nuts for you...
ERROR - GET( 500 ) - 2024-05-18 14:50:45 - /api/v1/squirlchain/fetchsquirls/1  - No ( GET 200 ) nuts for you...
EVENT - GET( 200 ) - 2024-05-18 14:51:46 - /api/v1/squirlchain/fetchsquirls 
ERROR - GET( 500 ) - 2024-05-18 14:51:56 - /api/v1/squirlchain/fetchsquirls/0  - No ( GET 200 ) nuts for you...
ERROR - GET( 500 ) - 2024-05-18 14:53:19 - /api/v1/squirlchain/fetchsquirls/0  - No ( GET 200 ) nuts for you...
ERROR - GET( 500 ) - 2024-05-18 14:53:25 - /api/v1/squirlchain/fetchsquirls/0  - No ( GET 200 ) nuts for you...
ERROR - GET( 500 ) - 2024-05-18 14:54:28 - /api/v1/squirlchain/fetchsquirls/0  - No ( GET 200 ) nuts for you...
ERROR - GET( 500 ) - 2024-05-18 16:12:42 - /api/v1/squirlchain/fetchsquirls/0  - No ( GET 200 ) nuts for you...
ERROR - GET( 500 ) - 2024-05-18 16:13:30 - /api/v1/squirlchain/fetchsquirls/0  - No ( GET 200 ) nuts for you...
ERROR - GET( 500 ) - 2024-05-18 16:14:39 - /api/v1/squirlchain/fetchsquirls/0  - No ( GET 200 ) nuts for you...
ERROR - GET( 500 ) - 2024-05-18 16:14:51 - /api/v1/squirlchain/fetchsquirls/0  - No ( GET 200 ) nuts for you...
ERROR - GET( 500 ) - 2024-05-18 16:15:12 - /api/v1/squirlchain/fetchsquirls/0  - No ( GET 200 ) nuts for you...
ERROR - GET( 500 ) - 2024-05-18 16:15:13 - /api/v1/squirlchain/fetchsquirls/0  - No ( GET 200 ) nuts for you...
ERROR - GET( 500 ) - 2024-05-18 16:15:37 - /api/v1/squirlchain/fetchsquirls/0  - No ( GET 200 ) nuts for you...
EVENT - GET( 200 ) - 2024-05-18 16:19:48 - /api/v1/squirlchain/fetchsquirls/0 
ERROR - GET( 404 ) - 2024-05-18 16:20:11 - /api/v1/squirlchain/fetchsquirls/0 
ERROR - GET( 404 ) - 2024-05-18 16:21:49 - /api/v1/squirlchain/fetchsquirls/0 
EVENT - GET( 200 ) - 2024-05-18 16:22:10 - /api/v1/squirlchain/fetchsquirls/0 
EVENT - POST( 201 ) - 2024-05-18 16:22:18 - /api/v1/squirlchain/block/breed 
EVENT - POST( 201 ) - 2024-05-18 16:22:18 - /api/v1/squirlchain/block/breed 
EVENT - GET( 200 ) - 2024-05-18 16:22:24 - /api/v1/squirlchain/fetchsquirls/1 
EVENT - GET( 200 ) - 2024-05-18 20:32:29 - /api/v1/squirlchain/fetchsquirls 
EVENT - GET( 200 ) - 2024-05-18 20:35:04 - /api/v1/squirlchain/fetchsquirls 
EVENT - GET( 200 ) - 2024-05-18 20:39:11 - /api/v1/squirlchain/fetchsquirls 
EVENT - GET( 200 ) - 2024-05-18 20:42:30 - /api/v1/squirlchain/fetchsquirls 
EVENT - GET( 200 ) - 2024-05-18 20:42:54 - /api/v1/squirlchain/fetchsquirls 
EVENT - GET( 200 ) - 2024-05-18 20:42:58 - /api/v1/squirlchain/fetchsquirls 
EVENT - GET( 200 ) - 2024-05-18 20:43:44 - /api/v1/squirlchain/fetchsquirls 
EVENT - GET( 200 ) - 2024-05-18 20:44:05 - /api/v1/squirlchain/fetchsquirls 
EVENT - GET( 200 ) - 2024-05-18 20:44:18 - /api/v1/squirlchain/fetchsquirls 
EVENT - GET( 200 ) - 2024-05-18 20:45:03 - /api/v1/squirlchain/fetchsquirls 
EVENT - POST( 201 ) - 2024-05-18 20:45:46 - /api/v1/squirlchain/nuttradings/nuttrading 
EVENT - POST( 201 ) - 2024-05-18 20:45:47 - /api/v1/squirlchain/nuttradings/nuttrading 
EVENT - POST( 201 ) - 2024-05-18 20:45:49 - /api/v1/squirlchain/nuttradings/nuttrading 
EVENT - POST( 201 ) - 2024-05-18 20:45:53 - /api/v1/squirlchain/block/breed 
EVENT - GET( 200 ) - 2024-05-18 20:47:52 - /api/v1/squirlchain/fetchsquirls 
EVENT - GET( 200 ) - 2024-05-18 20:48:31 - /api/v1/squirlchain/fetchsquirls 
EVENT - GET( 200 ) - 2024-05-18 20:48:52 - /api/v1/squirlchain/fetchsquirls 
EVENT - GET( 200 ) - 2024-05-18 20:48:52 - /api/v1/squirlchain/fetchsquirls 
EVENT - GET( 200 ) - 2024-05-18 20:49:43 - /api/v1/squirlchain/fetchsquirls 
EVENT - GET( 200 ) - 2024-05-18 20:49:43 - /api/v1/squirlchain/fetchsquirls 
EVENT - GET( 200 ) - 2024-05-18 20:50:04 - /api/v1/squirlchain/fetchsquirls 
EVENT - GET( 200 ) - 2024-05-18 20:50:04 - /api/v1/squirlchain/fetchsquirls 
EVENT - POST( 201 ) - 2024-05-18 20:50:16 - /api/v1/squirlchain/block/breed 
EVENT - GET( 200 ) - 2024-05-18 20:51:17 - /api/v1/squirlchain/fetchsquirls 
EVENT - GET( 200 ) - 2024-05-18 20:51:17 - /api/v1/squirlchain/fetchsquirls 
EVENT - GET( 200 ) - 2024-05-18 20:51:33 - /api/v1/squirlchain/fetchsquirls 
EVENT - GET( 200 ) - 2024-05-18 20:51:33 - /api/v1/squirlchain/fetchsquirls 
EVENT - GET( 200 ) - 2024-05-18 20:52:25 - /api/v1/squirlchain/fetchsquirls 
EVENT - GET( 200 ) - 2024-05-18 20:52:25 - /api/v1/squirlchain/fetchsquirls 
EVENT - POST( 201 ) - 2024-05-18 20:52:45 - /api/v1/squirlchain/block/breed 
EVENT - GET( 200 ) - 2024-05-18 20:53:17 - /api/v1/squirlchain/fetchsquirls 
EVENT - GET( 200 ) - 2024-05-18 20:53:17 - /api/v1/squirlchain/fetchsquirls 
EVENT - POST( 201 ) - 2024-05-18 20:53:20 - /api/v1/squirlchain/block/breed 
EVENT - GET( 200 ) - 2024-05-18 20:53:40 - /api/v1/squirlchain/fetchsquirls 
EVENT - GET( 200 ) - 2024-05-18 20:53:40 - /api/v1/squirlchain/fetchsquirls 
EVENT - POST( 201 ) - 2024-05-18 20:53:47 - /api/v1/squirlchain/block/breed 
EVENT - GET( 200 ) - 2024-05-18 20:54:16 - /api/v1/squirlchain/fetchsquirls 
EVENT - GET( 200 ) - 2024-05-18 20:54:16 - /api/v1/squirlchain/fetchsquirls 
EVENT - POST( 201 ) - 2024-05-18 20:54:20 - /api/v1/squirlchain/block/breed 
EVENT - GET( 200 ) - 2024-05-18 20:54:39 - /api/v1/squirlchain/fetchsquirls 
EVENT - GET( 200 ) - 2024-05-18 20:54:39 - /api/v1/squirlchain/fetchsquirls 
EVENT - POST( 201 ) - 2024-05-18 20:54:42 - /api/v1/squirlchain/block/breed 
EVENT - GET( 200 ) - 2024-05-18 20:57:49 - /api/v1/squirlchain/fetchsquirls 
EVENT - GET( 200 ) - 2024-05-18 20:57:49 - /api/v1/squirlchain/fetchsquirls 
EVENT - POST( 201 ) - 2024-05-18 20:57:58 - /api/v1/squirlchain/block/breed 
EVENT - GET( 200 ) - 2024-05-18 20:58:13 - /api/v1/squirlchain/fetchsquirls 
EVENT - GET( 200 ) - 2024-05-18 20:58:13 - /api/v1/squirlchain/fetchsquirls 
EVENT - GET( 200 ) - 2024-05-18 20:58:24 - /api/v1/squirlchain/fetchsquirls 
EVENT - GET( 200 ) - 2024-05-18 20:58:24 - /api/v1/squirlchain/fetchsquirls 
EVENT - POST( 201 ) - 2024-05-18 20:58:29 - /api/v1/squirlchain/block/breed 
EVENT - GET( 200 ) - 2024-05-18 20:59:09 - /api/v1/squirlchain/fetchsquirls 
EVENT - GET( 200 ) - 2024-05-18 20:59:09 - /api/v1/squirlchain/fetchsquirls 
EVENT - POST( 201 ) - 2024-05-18 20:59:12 - /api/v1/squirlchain/block/breed 
EVENT - GET( 200 ) - 2024-05-18 20:59:15 - /api/v1/squirlchain/fetchsquirls 
EVENT - GET( 200 ) - 2024-05-18 20:59:15 - /api/v1/squirlchain/fetchsquirls 
EVENT - GET( 200 ) - 2024-05-18 21:00:00 - /api/v1/squirlchain/fetchsquirls 
EVENT - GET( 200 ) - 2024-05-18 21:00:00 - /api/v1/squirlchain/fetchsquirls 
EVENT - POST( 201 ) - 2024-05-18 21:00:04 - /api/v1/squirlchain/block/breed 
EVENT - POST( 201 ) - 2024-05-18 21:00:41 - /api/v1/squirlchain/nuttradings/nuttrading 
EVENT - POST( 201 ) - 2024-05-18 21:00:42 - /api/v1/squirlchain/nuttradings/nuttrading 
EVENT - GET( 200 ) - 2024-05-18 21:00:45 - /api/v1/squirlchain/fetchsquirls 
EVENT - POST( 201 ) - 2024-05-18 21:00:50 - /api/v1/squirlchain/block/breed 
EVENT - GET( 200 ) - 2024-05-18 21:01:24 - /api/v1/squirlchain/fetchsquirls 
EVENT - GET( 200 ) - 2024-05-18 21:03:33 - /api/v1/squirlchain/fetchsquirls 
EVENT - GET( 200 ) - 2024-05-18 21:03:33 - /api/v1/squirlchain/fetchsquirls 
EVENT - POST( 201 ) - 2024-05-18 21:03:42 - /api/v1/squirlchain/block/breed 
EVENT - GET( 200 ) - 2024-05-18 21:21:16 - /api/v1/squirlchain/fetchsquirls 
EVENT - GET( 200 ) - 2024-05-18 21:21:49 - /api/v1/squirlchain/fetchsquirls 
EVENT - GET( 200 ) - 2024-05-18 21:22:02 - /api/v1/squirlchain/fetchsquirls 
ERROR - POST( 500 ) - 2024-05-18 21:22:08 - /api/v1/squirlchain/block/breed 
ERROR - POST( 500 ) - 2024-05-18 21:22:41 - /api/v1/squirlchain/block/breed 
EVENT - GET( 200 ) - 2024-05-18 21:22:56 - /api/v1/squirlchain/fetchsquirls 
EVENT - GET( 200 ) - 2024-05-18 21:23:02 - /api/v1/squirlchain/fetchsquirls 
EVENT - POST( 201 ) - 2024-05-18 21:23:07 - /api/v1/squirlchain/block/breed 
EVENT - POST( 201 ) - 2024-05-18 21:24:37 - /api/v1/squirlchain/block/breed 
EVENT - GET( 200 ) - 2024-05-18 21:24:44 - /api/v1/squirlchain/fetchsquirls 
EVENT - GET( 200 ) - 2024-05-18 21:26:08 - /api/v1/squirlchain/fetchsquirls 
EVENT - GET( 200 ) - 2024-05-18 21:26:08 - /api/v1/squirlchain/fetchsquirls 
EVENT - GET( 200 ) - 2024-05-18 21:26:12 - /api/v1/squirlchain/fetchsquirls 
EVENT - POST( 201 ) - 2024-05-18 21:26:16 - /api/v1/squirlchain/block/breed 
EVENT - GET( 200 ) - 2024-05-18 21:27:39 - /api/v1/squirlchain/fetchsquirls 
EVENT - GET( 200 ) - 2024-05-18 21:27:44 - /api/v1/squirlchain/fetchsquirls 
EVENT - POST( 201 ) - 2024-05-18 21:27:58 - /api/v1/squirlchain/block/breed 
EVENT - GET( 200 ) - 2024-05-18 21:28:47 - /api/v1/squirlchain/fetchsquirls 
EVENT - GET( 200 ) - 2024-05-18 21:28:47 - /api/v1/squirlchain/fetchsquirls 
EVENT - POST( 201 ) - 2024-05-18 21:28:53 - /api/v1/squirlchain/block/breed 
EVENT - GET( 200 ) - 2024-05-18 21:29:28 - /api/v1/squirlchain/fetchsquirls 
EVENT - GET( 200 ) - 2024-05-18 21:29:28 - /api/v1/squirlchain/fetchsquirls 
ERROR - POST( 500 ) - 2024-05-18 21:29:34 - /api/v1/squirlchain/block/breed 
ERROR - POST( 500 ) - 2024-05-18 21:29:41 - /api/v1/squirlchain/block/breed 
EVENT - POST( 201 ) - 2024-05-18 21:29:52 - /api/v1/squirlchain/block/breed 
EVENT - GET( 200 ) - 2024-05-18 21:30:00 - /api/v1/squirlchain/fetchsquirls 
EVENT - GET( 200 ) - 2024-05-18 21:30:20 - /api/v1/squirlchain/fetchsquirls 
ERROR - POST( 500 ) - 2024-05-18 21:30:26 - /api/v1/squirlchain/block/breed 
EVENT - GET( 200 ) - 2024-05-18 21:30:39 - /api/v1/squirlchain/fetchsquirls 
ERROR - POST( 500 ) - 2024-05-18 21:30:42 - /api/v1/squirlchain/block/breed 
EVENT - GET( 200 ) - 2024-05-18 21:36:01 - /api/v1/squirlchain/fetchsquirls 
EVENT - GET( 200 ) - 2024-05-18 21:36:11 - /api/v1/squirlchain/fetchsquirls 
EVENT - GET( 200 ) - 2024-05-18 21:36:19 - /api/v1/squirlchain/fetchsquirls 
ERROR - POST( 500 ) - 2024-05-18 21:36:33 - /api/v1/squirlchain/block/breed 
EVENT - GET( 200 ) - 2024-05-18 21:36:55 - /api/v1/squirlchain/fetchsquirls 
EVENT - POST( 201 ) - 2024-05-18 21:36:58 - /api/v1/squirlchain/block/breed 
EVENT - GET( 200 ) - 2024-05-18 21:37:30 - /api/v1/squirlchain/fetchsquirls 
EVENT - POST( 201 ) - 2024-05-18 21:37:33 - /api/v1/squirlchain/block/breed 
EVENT - GET( 200 ) - 2024-05-18 21:39:12 - /api/v1/squirlchain/fetchsquirls 
EVENT - GET( 200 ) - 2024-05-18 21:39:29 - /api/v1/squirlchain/fetchsquirls 
EVENT - GET( 200 ) - 2024-05-18 21:39:39 - /api/v1/squirlchain/fetchsquirls 
EVENT - GET( 200 ) - 2024-05-18 21:40:10 - /api/v1/squirlchain/fetchsquirls 
EVENT - GET( 200 ) - 2024-05-18 21:40:58 - /api/v1/squirlchain/fetchsquirls 
EVENT - POST( 201 ) - 2024-05-18 21:41:02 - /api/v1/squirlchain/block/breed 
EVENT - GET( 200 ) - 2024-05-18 21:43:16 - /api/v1/squirlchain/fetchsquirls 
EVENT - POST( 201 ) - 2024-05-18 21:46:51 - /api/v1/squirlchain/block/breed 
EVENT - GET( 200 ) - 2024-05-18 21:47:28 - /api/v1/squirlchain/fetchsquirls 
EVENT - GET( 200 ) - 2024-05-18 21:47:41 - /api/v1/squirlchain/fetchsquirls 
EVENT - POST( 201 ) - 2024-05-18 21:47:47 - /api/v1/squirlchain/block/breed 
EVENT - GET( 200 ) - 2024-05-18 21:47:50 - /api/v1/squirlchain/fetchsquirls 
EVENT - POST( 201 ) - 2024-05-18 21:47:52 - /api/v1/squirlchain/block/breed 
